Using pre-set license
Built from '2020.3/staging' branch; Version is '2020.3.30f1 (1fb1bf06830e) revision 2077119'; Using compiler version '192528614'; Build Type 'Release'
OS: 'Windows 11  (10.0.22000) 64bit Core' Language: 'de' Physical Memory: 16122 MB
BatchMode: 1, IsHumanControllingUs: 0, StartBugReporterOnCrash: 0, Is64bit: 1, IsPro: 0

COMMAND LINE ARGUMENTS:
C:\Program Files\Unity\Hub\Editor\2020.3.30f1\Editor\Unity.exe
-adb2
-batchMode
-noUpm
-name
AssetImportWorker0
-projectPath
C:/Users/fevzi/OneDrive/Dokumente/GitHub/game/Game
-logFile
Logs/AssetImportWorker0.log
-srvPort
52167
Successfully changed project path to: C:/Users/fevzi/OneDrive/Dokumente/GitHub/game/Game
C:/Users/fevzi/OneDrive/Dokumente/GitHub/game/Game
Using Asset Import Pipeline V2.
Refreshing native plugins compatible for Editor in 65.36 ms, found 3 plugins.
Preloading 0 native plugins for Editor in 0.00 ms.
Initialize engine version: 2020.3.30f1 (1fb1bf06830e)
[Subsystems] Discovering subsystems at path C:/Program Files/Unity/Hub/Editor/2020.3.30f1/Editor/Data/Resources/UnitySubsystems
[Subsystems] Discovering subsystems at path C:/Users/fevzi/OneDrive/Dokumente/GitHub/game/Game/Assets
GfxDevice: creating device client; threaded=0
Direct3D:
    Version:  Direct3D 11.0 [level 11.1]
    Renderer: NVIDIA GeForce RTX 3070 (ID=0x2484)
    Vendor:   
    VRAM:     8043 MB
    Driver:   30.0.15.1165
Initialize mono
Mono path[0] = 'C:/Program Files/Unity/Hub/Editor/2020.3.30f1/Editor/Data/Managed'
Mono path[1] = 'C:/Program Files/Unity/Hub/Editor/2020.3.30f1/Editor/Data/MonoBleedingEdge/lib/mono/unityjit'
Mono config path = 'C:/Program Files/Unity/Hub/Editor/2020.3.30f1/Editor/Data/MonoBleedingEdge/etc'
Using monoOptions --debugger-agent=transport=dt_socket,embedding=1,server=y,suspend=n,address=127.0.0.1:56300
Begin MonoManager ReloadAssembly
Registering precompiled unity dll's ...
Register platform support module: C:/Program Files/Unity/Hub/Editor/2020.3.30f1/Editor/Data/PlaybackEngines/WindowsStandaloneSupport/UnityEditor.WindowsStandalone.Extensions.dll
Registered in 0.001061 seconds.
Native extension for WindowsStandalone target not found
Refreshing native plugins compatible for Editor in 66.54 ms, found 3 plugins.
Preloading 0 native plugins for Editor in 0.00 ms.
Mono: successfully reloaded assembly
- Completed reload, in  0.554 seconds
Domain Reload Profiling:
	ReloadAssembly (554ms)
		BeginReloadAssembly (51ms)
			ExecutionOrderSort (0ms)
			DisableScriptedObjects (0ms)
			BackupInstance (0ms)
			ReleaseScriptingObjects (0ms)
			CreateAndSetChildDomain (1ms)
		EndReloadAssembly (440ms)
			LoadAssemblies (49ms)
			RebuildTransferFunctionScriptingTraits (0ms)
			SetupTypeCache (137ms)
			ReleaseScriptCaches (0ms)
			RebuildScriptCaches (28ms)
			SetupLoadedEditorAssemblies (183ms)
				LogAssemblyErrors (0ms)
				InitializePlatformSupportModulesInManaged (4ms)
				SetLoadedEditorAssemblies (0ms)
				RefreshPlugins (67ms)
				BeforeProcessingInitializeOnLoad (8ms)
				ProcessInitializeOnLoadAttributes (77ms)
				ProcessInitializeOnLoadMethodAttributes (27ms)
				AfterProcessingInitializeOnLoad (0ms)
				EditorAssembliesLoaded (0ms)
			ExecutionOrderSort2 (0ms)
			AwakeInstancesAfterBackupRestoration (0ms)
Platform modules already initialized, skipping
Registering precompiled user dll's ...
Registered in 0.003116 seconds.
Begin MonoManager ReloadAssembly
Native extension for WindowsStandalone target not found
Refreshing native plugins compatible for Editor in 68.55 ms, found 3 plugins.
Preloading 0 native plugins for Editor in 0.00 ms.
Mono: successfully reloaded assembly
- Completed reload, in  1.115 seconds
Domain Reload Profiling:
	ReloadAssembly (1116ms)
		BeginReloadAssembly (133ms)
			ExecutionOrderSort (0ms)
			DisableScriptedObjects (4ms)
			BackupInstance (0ms)
			ReleaseScriptingObjects (0ms)
			CreateAndSetChildDomain (17ms)
		EndReloadAssembly (929ms)
			LoadAssemblies (87ms)
			RebuildTransferFunctionScriptingTraits (0ms)
			SetupTypeCache (319ms)
			ReleaseScriptCaches (1ms)
			RebuildScriptCaches (54ms)
			SetupLoadedEditorAssemblies (357ms)
				LogAssemblyErrors (0ms)
				InitializePlatformSupportModulesInManaged (3ms)
				SetLoadedEditorAssemblies (0ms)
				RefreshPlugins (69ms)
				BeforeProcessingInitializeOnLoad (81ms)
				ProcessInitializeOnLoadAttributes (184ms)
				ProcessInitializeOnLoadMethodAttributes (16ms)
				AfterProcessingInitializeOnLoad (4ms)
				EditorAssembliesLoaded (0ms)
			ExecutionOrderSort2 (0ms)
			AwakeInstancesAfterBackupRestoration (6ms)
Platform modules already initialized, skipping
========================================================================
Worker process is ready to serve import requests
Launched and connected shader compiler UnityShaderCompiler.exe after 0.06 seconds
Refreshing native plugins compatible for Editor in 0.66 ms, found 3 plugins.
Preloading 0 native plugins for Editor in 0.00 ms.
Unloading 3625 Unused Serialized files (Serialized files now loaded: 0)
System memory in use before: 179.2 MB.
System memory in use after: 179.3 MB.

Unloading 30 unused Assets to reduce memory usage. Loaded Objects now: 4089.
Total: 3.179900 ms (FindLiveObjects: 0.302300 ms CreateObjectMapping: 0.201200 ms MarkObjects: 2.547000 ms  DeleteObjects: 0.128700 ms)

AssetImportParameters requested are different than current active one (requested -> active):
  custom:framework-win-MediaFoundation: 216162199b28c13a410421893ffa2e32 -> 
  custom:video-decoder-ogg-theora: a1e56fd34408186e4bbccfd4996cb3dc -> 
  custom:container-muxer-webm: aa71ff27fc2769a1b78a27578f13a17b -> 
  custom:container-demuxer-webm: 4f35f7cbe854078d1ac9338744f61a02 -> 
  custom:container-demuxer-ogg: 62fdf1f143b41e24485cea50d1cbac27 -> 
  custom:video-encoder-webm-vp8: eb34c28f22e8b96e1ab97ce403110664 -> 
  custom:video-decoder-webm-vp8: 9c59270c3fd7afecdb556c50c9e8de78 -> 
  custom:audio-decoder-ogg-vorbis: bf7c407c2cedff20999df2af8eb42d56 -> 
  custom:audio-encoder-webm-vorbis: bf7c407c2cedff20999df2af8eb42d56 -> 
========================================================================
Received Import Request.
  path: Assets/Sprites/Webp.net-gifmaker.gif
  artifactKey: Guid(4b30654db1cf679428013c1e6aff35ef) Importer(815301076,1909f56bfc062723c751e8b465ee728b)
Start importing Assets/Sprites/Webp.net-gifmaker.gif using Guid(4b30654db1cf679428013c1e6aff35ef) Importer(815301076,1909f56bfc062723c751e8b465ee728b)  -> (artifact id: '6ef5d8da5f6a2308b7b07f73907aee02') in 0.116501 seconds 
========================================================================
Received Prepare
Registering precompiled user dll's ...
Registered in 0.003053 seconds.
Begin MonoManager ReloadAssembly
Native extension for WindowsStandalone target not found
Refreshing native plugins compatible for Editor in 0.67 ms, found 3 plugins.
Preloading 0 native plugins for Editor in 0.00 ms.
Mono: successfully reloaded assembly
- Completed reload, in  0.966 seconds
Domain Reload Profiling:
	ReloadAssembly (967ms)
		BeginReloadAssembly (105ms)
			ExecutionOrderSort (0ms)
			DisableScriptedObjects (6ms)
			BackupInstance (0ms)
			ReleaseScriptingObjects (0ms)
			CreateAndSetChildDomain (36ms)
		EndReloadAssembly (808ms)
			LoadAssemblies (84ms)
			RebuildTransferFunctionScriptingTraits (0ms)
			SetupTypeCache (301ms)
			ReleaseScriptCaches (1ms)
			RebuildScriptCaches (47ms)
			SetupLoadedEditorAssemblies (281ms)
				LogAssemblyErrors (0ms)
				InitializePlatformSupportModulesInManaged (4ms)
				SetLoadedEditorAssemblies (0ms)
				RefreshPlugins (1ms)
				BeforeProcessingInitializeOnLoad (68ms)
				ProcessInitializeOnLoadAttributes (194ms)
				ProcessInitializeOnLoadMethodAttributes (10ms)
				AfterProcessingInitializeOnLoad (4ms)
				EditorAssembliesLoaded (0ms)
			ExecutionOrderSort2 (0ms)
			AwakeInstancesAfterBackupRestoration (8ms)
Platform modules already initialized, skipping
Refreshing native plugins compatible for Editor in 0.74 ms, found 3 plugins.
Preloading 0 native plugins for Editor in 0.00 ms.
Unloading 3519 Unused Serialized files (Serialized files now loaded: 0)
System memory in use before: 172.0 MB.
System memory in use after: 172.1 MB.

Unloading 20 unused Assets to reduce memory usage. Loaded Objects now: 4097.
Total: 3.251000 ms (FindLiveObjects: 0.307400 ms CreateObjectMapping: 0.212100 ms MarkObjects: 2.620700 ms  DeleteObjects: 0.109800 ms)

AssetImportParameters requested are different than current active one (requested -> active):
  custom:framework-win-MediaFoundation: 216162199b28c13a410421893ffa2e32 -> 
  custom:video-decoder-ogg-theora: a1e56fd34408186e4bbccfd4996cb3dc -> 
  custom:container-muxer-webm: aa71ff27fc2769a1b78a27578f13a17b -> 
  custom:container-demuxer-webm: 4f35f7cbe854078d1ac9338744f61a02 -> 
  custom:container-demuxer-ogg: 62fdf1f143b41e24485cea50d1cbac27 -> 
  custom:video-encoder-webm-vp8: eb34c28f22e8b96e1ab97ce403110664 -> 
  custom:video-decoder-webm-vp8: 9c59270c3fd7afecdb556c50c9e8de78 -> 
  custom:audio-decoder-ogg-vorbis: bf7c407c2cedff20999df2af8eb42d56 -> 
  custom:audio-encoder-webm-vorbis: bf7c407c2cedff20999df2af8eb42d56 -> 
========================================================================
Received Import Request.
  Time since last request: 47.428249 seconds.
  path: Assets/FallAnimation
  artifactKey: Guid(e2e2726be140f174689b2b06237b48a5) Importer(815301076,1909f56bfc062723c751e8b465ee728b)
Start importing Assets/FallAnimation using Guid(e2e2726be140f174689b2b06237b48a5) Importer(815301076,1909f56bfc062723c751e8b465ee728b)  -> (artifact id: '8ab17f6f262e435e7449c107949aee43') in 0.011814 seconds 
========================================================================
Received Import Request.
  Time since last request: 8.757432 seconds.
  path: Assets/FallAnimation/11.png
  artifactKey: Guid(ea5ed93c3d203614f96235cb8bfa2e1f) Importer(815301076,1909f56bfc062723c751e8b465ee728b)
Start importing Assets/FallAnimation/11.png using Guid(ea5ed93c3d203614f96235cb8bfa2e1f) Importer(815301076,1909f56bfc062723c751e8b465ee728b)  -> (artifact id: '0dd4b690c7ec23f96713bba0fc51b82e') in 0.058696 seconds 
========================================================================
Received Import Request.
  Time since last request: 0.000279 seconds.
  path: Assets/FallAnimation/33.png
  artifactKey: Guid(93b35b5bd954f314b8afe373a79597f0) Importer(815301076,1909f56bfc062723c751e8b465ee728b)
Start importing Assets/FallAnimation/33.png using Guid(93b35b5bd954f314b8afe373a79597f0) Importer(815301076,1909f56bfc062723c751e8b465ee728b)  -> (artifact id: '841effcc2c0c49848edeb3479b1348cc') in 0.013654 seconds 
========================================================================
Received Import Request.
  Time since last request: 0.000151 seconds.
  path: Assets/FallAnimation/88.png
  artifactKey: Guid(1a4262cdced33654b8bc974c9109dead) Importer(815301076,1909f56bfc062723c751e8b465ee728b)
Start importing Assets/FallAnimation/88.png using Guid(1a4262cdced33654b8bc974c9109dead) Importer(815301076,1909f56bfc062723c751e8b465ee728b)  -> (artifact id: '5d64ad661311e14fb50cfc9d75f18069') in 0.019539 seconds 
========================================================================
Received Import Request.
  Time since last request: 0.000183 seconds.
  path: Assets/FallAnimation/66.png
  artifactKey: Guid(f38f00e0d79446b41b6d8bfc97d581a8) Importer(815301076,1909f56bfc062723c751e8b465ee728b)
Start importing Assets/FallAnimation/66.png using Guid(f38f00e0d79446b41b6d8bfc97d581a8) Importer(815301076,1909f56bfc062723c751e8b465ee728b)  -> (artifact id: 'e8f386ad0c05706107bae19ad94f628b') in 0.015123 seconds 
========================================================================
Received Import Request.
  Time since last request: 0.000181 seconds.
  path: Assets/FallAnimation/44.png
  artifactKey: Guid(e68d3ecf8375b6248b31bd5c128bc833) Importer(815301076,1909f56bfc062723c751e8b465ee728b)
Start importing Assets/FallAnimation/44.png using Guid(e68d3ecf8375b6248b31bd5c128bc833) Importer(815301076,1909f56bfc062723c751e8b465ee728b)  -> (artifact id: '1afeeb2851756077755e57c03b0e20c5') in 0.016286 seconds 
========================================================================
Received Import Request.
  Time since last request: 0.000318 seconds.
  path: Assets/FallAnimation/77.png
  artifactKey: Guid(7f58c2f52329a3a4eabc42506b3054ea) Importer(815301076,1909f56bfc062723c751e8b465ee728b)
Start importing Assets/FallAnimation/77.png using Guid(7f58c2f52329a3a4eabc42506b3054ea) Importer(815301076,1909f56bfc062723c751e8b465ee728b)  -> (artifact id: 'c5f736f0e06daaf53b9924142fe99ba4') in 0.013961 seconds 
========================================================================
Received Import Request.
  Time since last request: 0.000271 seconds.
  path: Assets/FallAnimation/55.png
  artifactKey: Guid(5a589bc91a6a41849b8376a30c806548) Importer(815301076,1909f56bfc062723c751e8b465ee728b)
Start importing Assets/FallAnimation/55.png using Guid(5a589bc91a6a41849b8376a30c806548) Importer(815301076,1909f56bfc062723c751e8b465ee728b)  -> (artifact id: '364a1244e1e930e4020ebe22edad838c') in 0.013866 seconds 
========================================================================
Received Import Request.
  Time since last request: 0.000248 seconds.
  path: Assets/FallAnimation/22.png
  artifactKey: Guid(e3db43be1b93f8145b03e53a9c570e63) Importer(815301076,1909f56bfc062723c751e8b465ee728b)
Start importing Assets/FallAnimation/22.png using Guid(e3db43be1b93f8145b03e53a9c570e63) Importer(815301076,1909f56bfc062723c751e8b465ee728b)  -> (artifact id: 'f80523f61b95e8928debd7d95c49624b') in 0.013682 seconds 
AssetImportWorkerClient::OnTransportError - code=2 error=End of file
